<?xml version="1.0" encoding="UTF-8"?>
<!-- Generated by org.testng.reporters.JUnitReportReporter -->
<testsuite skipped="0" hostname="LAPTOP-ONUNHAE6" name="testngExamples.BasicTestNGExamples" tests="1" failures="0" timestamp="23 Jan 2019 21:40:08 GMT" time="0.000" errors="0">
  <testcase name="f" time="0.000" classname="testngExamples.BasicTestNGExamples"/>
</testsuite> <!-- testngExamples.BasicTestNGExamples -->
