<?xml version="1.0" encoding="UTF-8"?>
<!-- Generated by org.testng.reporters.JUnitReportReporter -->
<testsuite skipped="0" hostname="LAPTOP-ONUNHAE6" name="day.first.projectonedureka" tests="1" failures="0" timestamp="11 Feb 2019 19:40:13 GMT" time="35.763" errors="0">
  <testcase name="verifyMyclassroom" time="35.763" classname="day.first.projectonedureka"/>
</testsuite> <!-- day.first.projectonedureka -->
