<?xml version="1.0" encoding="UTF-8"?>
<!-- Generated by org.testng.reporters.JUnitReportReporter -->
<testsuite skipped="0" hostname="LAPTOP-ONUNHAE6" name="testNG.pageobjectmodelwithoutfactory" tests="1" failures="0" timestamp="30 Jan 2019 16:17:41 GMT" time="0.033" errors="0">
  <testcase name="verifylogin" time="0.033" classname="testNG.pageobjectmodelwithoutfactory"/>
</testsuite> <!-- testNG.pageobjectmodelwithoutfactory -->
