<?xml version="1.0" encoding="UTF-8"?>
<!-- Generated by org.testng.reporters.JUnitReportReporter -->
<testsuite skipped="0" hostname="LAPTOP-ONUNHAE6" name="com.TestNGDemo.src.TestNGConcepts.PriorityDemo" tests="2" failures="0" timestamp="31 Jan 2019 20:51:16 GMT" time="61.775" errors="0">
  <testcase name="verifysignup" time="25.282" classname="com.TestNGDemo.src.TestNGConcepts.PriorityDemo"/>
  <testcase name="verifylogin" time="36.493" classname="com.TestNGDemo.src.TestNGConcepts.PriorityDemo"/>
</testsuite> <!-- com.TestNGDemo.src.TestNGConcepts.PriorityDemo -->
