<?xml version="1.0" encoding="UTF-8"?>
<!-- Generated by org.testng.reporters.JUnitReportReporter -->
<testsuite skipped="0" hostname="LAPTOP-ONUNHAE6" name="com.TestNGDemo.src.TestNGConcepts.parameterization" tests="2" failures="0" timestamp="01 Feb 2019 01:19:51 GMT" time="62.959" errors="0">
  <testcase name="verifysignup" time="25.748" classname="com.TestNGDemo.src.TestNGConcepts.parameterization"/>
  <testcase name="verifylogin" time="37.211" classname="com.TestNGDemo.src.TestNGConcepts.parameterization"/>
</testsuite> <!-- com.TestNGDemo.src.TestNGConcepts.parameterization -->
