<?xml version="1.0" encoding="UTF-8"?>
<!-- Generated by org.testng.reporters.JUnitReportReporter -->
<testsuite skipped="1" hostname="LAPTOP-ONUNHAE6" name="com.TestNGDemo.src.TestNGConcepts.dataprovider" tests="1" failures="0" timestamp="31 Jan 2019 23:48:51 GMT" time="0.000" errors="0">
  <testcase name="verifylogin" time="0.000" classname="com.TestNGDemo.src.TestNGConcepts.dataprovider">
    <skipped/>
  </testcase> <!-- verifylogin -->
</testsuite> <!-- com.TestNGDemo.src.TestNGConcepts.dataprovider -->
