<?xml version="1.0" encoding="UTF-8"?>
<!-- Generated by org.testng.reporters.JUnitReportReporter -->
<testsuite skipped="0" hostname="LAPTOP-ONUNHAE6" name="com.TestNGDemo.src.TestNGConcepts.ProjectSelenium" tests="1" failures="0" timestamp="19 Feb 2019 23:35:28 GMT" time="184.754" errors="0">
  <testcase name="verifyBlogs" time="184.754" classname="com.TestNGDemo.src.TestNGConcepts.ProjectSelenium"/>
</testsuite> <!-- com.TestNGDemo.src.TestNGConcepts.ProjectSelenium -->
