<?xml version="1.0" encoding="UTF-8"?>
<!-- Generated by org.testng.reporters.JUnitReportReporter -->
<testsuite skipped="0" hostname="LAPTOP-ONUNHAE6" name="testNG.login" tests="1" failures="0" timestamp="11 Feb 2019 22:47:07 GMT" time="32.553" errors="0">
  <testcase name="logingmail" time="32.553" classname="testNG.login"/>
</testsuite> <!-- testNG.login -->
