<?xml version="1.0" encoding="UTF-8"?>
<!-- Generated by org.testng.reporters.JUnitReportReporter -->
<testsuite skipped="0" hostname="LAPTOP-ONUNHAE6" name="testNG.TestNGBasicExamples" tests="2" failures="0" timestamp="24 Jan 2019 18:48:20 GMT" time="0.033" errors="0">
  <testcase name="f1" time="0.016" classname="testNG.TestNGBasicExamples"/>
  <testcase name="f2" time="0.017" classname="testNG.TestNGBasicExamples"/>
</testsuite> <!-- testNG.TestNGBasicExamples -->
