<?xml version="1.0" encoding="UTF-8"?>
<!-- Generated by org.testng.reporters.JUnitReportReporter -->
<testsuite skipped="0" hostname="LAPTOP-ONUNHAE6" name="com.jenkins.JenkinsExample" tests="1" failures="0" timestamp="23 Feb 2019 17:54:13 GMT" time="166.333" errors="0">
  <testcase name="getportal" time="166.333" classname="com.jenkins.JenkinsExample"/>
</testsuite> <!-- com.jenkins.JenkinsExample -->
