<?xml version="1.0" encoding="UTF-8"?>
<!-- Generated by org.testng.reporters.JUnitReportReporter -->
<testsuite skipped="0" hostname="LAPTOP-ONUNHAE6" name="pageobjectfactory.Testedureka" tests="1" failures="0" timestamp="26 Feb 2019 02:35:10 GMT" time="139.978" errors="0">
  <testcase name="loginedureka" time="139.978" classname="pageobjectfactory.Testedureka"/>
</testsuite> <!-- pageobjectfactory.Testedureka -->
