<?xml version="1.0" encoding="UTF-8"?>
<!-- Generated by org.testng.reporters.JUnitReportReporter -->
<testsuite skipped="0" hostname="LAPTOP-ONUNHAE6" name="KeywordDrivenTesting.Methods" tests="1" failures="0" timestamp="22 Feb 2019 17:33:17 GMT" time="0.000" errors="0">
  <testcase name="f" time="0.000" classname="KeywordDrivenTesting.Methods"/>
</testsuite> <!-- KeywordDrivenTesting.Methods -->
