<?xml version="1.0" encoding="UTF-8"?>
<!-- Generated by org.testng.reporters.JUnitReportReporter -->
<testsuite skipped="0" hostname="LAPTOP-ONUNHAE6" name="KeywordDrivenTesting.application" tests="1" failures="0" timestamp="03 Mar 2019 02:24:23 GMT" time="0.901" errors="0">
  <testcase name="applicationTest" time="0.901" classname="KeywordDrivenTesting.application"/>
</testsuite> <!-- KeywordDrivenTesting.application -->
